[ 2019-10-29T00:01:05+08:00 ] 127.0.0.1 /ManagerSystem/index.php/Admin/Index/top.html
INFO: [ view_parse ] --START--
INFO: [ template_filter ] --START--
INFO: Run Behavior\ContentReplaceBehavior [ RunTime:0.000136s ]
INFO: [ template_filter ] --END-- [ RunTime:0.000368s ]
INFO: Run Behavior\ParseTemplateBehavior [ RunTime:0.025306s ]
INFO: [ view_parse ] --END-- [ RunTime:0.026420s ]
INFO: [ view_filter ] --START--
INFO: Run Behavior\WriteHtmlCacheBehavior [ RunTime:0.001258s ]
INFO: [ view_filter ] --END-- [ RunTime:0.001388s ]
INFO: [ app_end ] --START--
INFO: Run Behavior\ShowPageTraceBehavior [ RunTime:0.003129s ]
INFO: [ app_end ] --END-- [ RunTime:0.003314s ]

[ 2019-10-29T00:01:06+08:00 ] 127.0.0.1 /ManagerSystem/index.php/Admin/Index/right.html
INFO: [ view_parse ] --START--
INFO: [ template_filter ] --START--
INFO: Run Behavior\ContentReplaceBehavior [ RunTime:0.000183s ]
INFO: [ template_filter ] --END-- [ RunTime:0.000491s ]
INFO: Run Behavior\ParseTemplateBehavior [ RunTime:0.026656s ]
INFO: [ view_parse ] --END-- [ RunTime:0.028081s ]
INFO: [ view_filter ] --START--
INFO: Run Behavior\WriteHtmlCacheBehavior [ RunTime:0.002444s ]
INFO: [ view_filter ] --END-- [ RunTime:0.002673s ]
INFO: [ app_end ] --START--
INFO: Run Behavior\ShowPageTraceBehavior [ RunTime:0.002161s ]
INFO: [ app_end ] --END-- [ RunTime:0.002370s ]

[ 2019-10-29T00:01:38+08:00 ] 127.0.0.1 /ManagerSystem/index.php/Admin/Index/top.html
INFO: [ view_parse ] --START--
INFO: [ template_filter ] --START--
INFO: Run Behavior\ContentReplaceBehavior [ RunTime:0.000073s ]
INFO: [ template_filter ] --END-- [ RunTime:0.000192s ]
INFO: Run Behavior\ParseTemplateBehavior [ RunTime:0.017529s ]
INFO: [ view_parse ] --END-- [ RunTime:0.018618s ]
INFO: [ view_filter ] --START--
INFO: Run Behavior\WriteHtmlCacheBehavior [ RunTime:0.001369s ]
INFO: [ view_filter ] --END-- [ RunTime:0.001474s ]
INFO: [ app_end ] --START--
INFO: Run Behavior\ShowPageTraceBehavior [ RunTime:0.000941s ]
INFO: [ app_end ] --END-- [ RunTime:0.001047s ]

[ 2019-10-29T00:01:38+08:00 ] 127.0.0.1 /ManagerSystem/index.php/Admin/Index/right.html
INFO: [ view_parse ] --START--
INFO: [ template_filter ] --START--
INFO: Run Behavior\ContentReplaceBehavior [ RunTime:0.000084s ]
INFO: [ template_filter ] --END-- [ RunTime:0.000211s ]
INFO: Run Behavior\ParseTemplateBehavior [ RunTime:0.027539s ]
INFO: [ view_parse ] --END-- [ RunTime:0.035927s ]
INFO: [ view_filter ] --START--
INFO: Run Behavior\WriteHtmlCacheBehavior [ RunTime:0.002488s ]
INFO: [ view_filter ] --END-- [ RunTime:0.002739s ]
INFO: [ app_end ] --START--
INFO: Run Behavior\ShowPageTraceBehavior [ RunTime:0.003857s ]
INFO: [ app_end ] --END-- [ RunTime:0.004201s ]

[ 2019-10-29T00:01:41+08:00 ] 127.0.0.1 /ManagerSystem/index.php/Admin/Category/showlist
ERR: 无法加载控制器:Category

[ 2019-10-29T00:01:43+08:00 ] 127.0.0.1 /ManagerSystem/index.php/Admin/Goods/add
ERR: 无法加载控制器:Goods

[ 2019-10-29T00:01:49+08:00 ] 127.0.0.1 /ManagerSystem/index.php/Admin/Category/showlist
ERR: 无法加载控制器:Category

[ 2019-10-29T00:02:43+08:00 ] 127.0.0.1 /ManagerSystem/index.php/Admin/Index/right.html
INFO: [ view_parse ] --START--
INFO: [ template_filter ] --START--
INFO: Run Behavior\ContentReplaceBehavior [ RunTime:0.000081s ]
INFO: [ template_filter ] --END-- [ RunTime:0.000197s ]
INFO: Run Behavior\ParseTemplateBehavior [ RunTime:0.012961s ]
INFO: [ view_parse ] --END-- [ RunTime:0.020179s ]
INFO: [ view_filter ] --START--
INFO: Run Behavior\WriteHtmlCacheBehavior [ RunTime:0.001389s ]
INFO: [ view_filter ] --END-- [ RunTime:0.001496s ]
INFO: [ app_end ] --START--
INFO: Run Behavior\ShowPageTraceBehavior [ RunTime:0.000920s ]
INFO: [ app_end ] --END-- [ RunTime:0.001035s ]

[ 2019-10-29T00:02:43+08:00 ] 127.0.0.1 /ManagerSystem/index.php/Admin/Index/top.html
INFO: [ view_parse ] --START--
INFO: [ template_filter ] --START--
INFO: Run Behavior\ContentReplaceBehavior [ RunTime:0.000072s ]
INFO: [ template_filter ] --END-- [ RunTime:0.000192s ]
INFO: Run Behavior\ParseTemplateBehavior [ RunTime:0.015720s ]
INFO: [ view_parse ] --END-- [ RunTime:0.017239s ]
INFO: [ view_filter ] --START--
INFO: Run Behavior\WriteHtmlCacheBehavior [ RunTime:0.002381s ]
INFO: [ view_filter ] --END-- [ RunTime:0.002567s ]
INFO: [ app_end ] --START--
INFO: Run Behavior\ShowPageTraceBehavior [ RunTime:0.001763s ]
INFO: [ app_end ] --END-- [ RunTime:0.001932s ]

[ 2019-10-29T00:02:58+08:00 ] 127.0.0.1 /ManagerSystem/index.php/Admin/Index/top.html
INFO: [ view_parse ] --START--
INFO: [ template_filter ] --START--
INFO: Run Behavior\ContentReplaceBehavior [ RunTime:0.000068s ]
INFO: [ template_filter ] --END-- [ RunTime:0.000189s ]
INFO: Run Behavior\ParseTemplateBehavior [ RunTime:0.011210s ]
INFO: [ view_parse ] --END-- [ RunTime:0.011904s ]
INFO: [ view_filter ] --START--
INFO: Run Behavior\WriteHtmlCacheBehavior [ RunTime:0.001372s ]
INFO: [ view_filter ] --END-- [ RunTime:0.001481s ]
INFO: [ app_end ] --START--
INFO: Run Behavior\ShowPageTraceBehavior [ RunTime:0.001356s ]
INFO: [ app_end ] --END-- [ RunTime:0.001460s ]

[ 2019-10-29T00:03:58+08:00 ] 127.0.0.1 /ManagerSystem/index.php/Admin/Category/showlist
ERR: 无法加载控制器:Category

