[ 2019-10-28T00:07:54+08:00 ] 127.0.0.1 /ManagerSystem/index.php/Admin/Index/top.html
INFO: [ view_parse ] --START--
INFO: [ template_filter ] --START--
INFO: Run Behavior\ContentReplaceBehavior [ RunTime:0.000079s ]
INFO: [ template_filter ] --END-- [ RunTime:0.000217s ]
INFO: Run Behavior\ParseTemplateBehavior [ RunTime:0.025394s ]
INFO: [ view_parse ] --END-- [ RunTime:0.026471s ]
INFO: [ view_filter ] --START--
INFO: Run Behavior\WriteHtmlCacheBehavior [ RunTime:0.001927s ]
INFO: [ view_filter ] --END-- [ RunTime:0.002040s ]
INFO: [ app_end ] --START--
INFO: Run Behavior\ShowPageTraceBehavior [ RunTime:0.003364s ]
INFO: [ app_end ] --END-- [ RunTime:0.003535s ]

[ 2019-10-28T00:07:54+08:00 ] 127.0.0.1 /ManagerSystem/index.php/Admin/Index/right.html
INFO: [ view_parse ] --START--
INFO: [ template_filter ] --START--
INFO: Run Behavior\ContentReplaceBehavior [ RunTime:0.000080s ]
INFO: [ template_filter ] --END-- [ RunTime:0.000201s ]
INFO: Run Behavior\ParseTemplateBehavior [ RunTime:0.047535s ]
INFO: [ view_parse ] --END-- [ RunTime:0.050797s ]
INFO: [ view_filter ] --START--
INFO: Run Behavior\WriteHtmlCacheBehavior [ RunTime:0.002878s ]
INFO: [ view_filter ] --END-- [ RunTime:0.003405s ]
INFO: [ app_end ] --START--
INFO: Run Behavior\ShowPageTraceBehavior [ RunTime:0.002914s ]
INFO: [ app_end ] --END-- [ RunTime:0.003099s ]

[ 2019-10-28T00:08:59+08:00 ] 127.0.0.1 /ManagerSystem/index.php/Admin/Index/top.html
INFO: [ view_parse ] --START--
INFO: [ template_filter ] --START--
INFO: Run Behavior\ContentReplaceBehavior [ RunTime:0.000082s ]
INFO: [ template_filter ] --END-- [ RunTime:0.000200s ]
INFO: Run Behavior\ParseTemplateBehavior [ RunTime:0.019943s ]
INFO: [ view_parse ] --END-- [ RunTime:0.021207s ]
INFO: [ view_filter ] --START--
INFO: Run Behavior\WriteHtmlCacheBehavior [ RunTime:0.002169s ]
INFO: [ view_filter ] --END-- [ RunTime:0.002336s ]
INFO: [ app_end ] --START--
INFO: Run Behavior\ShowPageTraceBehavior [ RunTime:0.002311s ]
INFO: [ app_end ] --END-- [ RunTime:0.002435s ]

[ 2019-10-28T00:09:00+08:00 ] 127.0.0.1 /ManagerSystem/index.php/Admin/Index/right.html
INFO: [ view_parse ] --START--
INFO: [ template_filter ] --START--
INFO: Run Behavior\ContentReplaceBehavior [ RunTime:0.000149s ]
INFO: [ template_filter ] --END-- [ RunTime:0.000378s ]
INFO: Run Behavior\ParseTemplateBehavior [ RunTime:0.023203s ]
INFO: [ view_parse ] --END-- [ RunTime:0.025336s ]
INFO: [ view_filter ] --START--
INFO: Run Behavior\WriteHtmlCacheBehavior [ RunTime:0.002361s ]
INFO: [ view_filter ] --END-- [ RunTime:0.002602s ]
INFO: [ app_end ] --START--
INFO: Run Behavior\ShowPageTraceBehavior [ RunTime:0.002256s ]
INFO: [ app_end ] --END-- [ RunTime:0.002448s ]

[ 2019-10-28T00:09:19+08:00 ] 127.0.0.1 /ManagerSystem/index.php/Admin/Role/add
ERR: 非法操作:add

[ 2019-10-28T00:13:15+08:00 ] 127.0.0.1 /ManagerSystem/index.php/Admin/Index/top.html
INFO: [ view_parse ] --START--
INFO: [ template_filter ] --START--
INFO: Run Behavior\ContentReplaceBehavior [ RunTime:0.000087s ]
INFO: [ template_filter ] --END-- [ RunTime:0.000249s ]
INFO: Run Behavior\ParseTemplateBehavior [ RunTime:0.022086s ]
INFO: [ view_parse ] --END-- [ RunTime:0.023095s ]
INFO: [ view_filter ] --START--
INFO: Run Behavior\WriteHtmlCacheBehavior [ RunTime:0.001308s ]
INFO: [ view_filter ] --END-- [ RunTime:0.001416s ]
INFO: [ app_end ] --START--
INFO: Run Behavior\ShowPageTraceBehavior [ RunTime:0.001462s ]
INFO: [ app_end ] --END-- [ RunTime:0.001575s ]

[ 2019-10-28T00:13:15+08:00 ] 127.0.0.1 /ManagerSystem/index.php/Admin/Index/right.html
INFO: [ view_parse ] --START--
INFO: [ template_filter ] --START--
INFO: Run Behavior\ContentReplaceBehavior [ RunTime:0.000192s ]
INFO: [ template_filter ] --END-- [ RunTime:0.000943s ]
INFO: Run Behavior\ParseTemplateBehavior [ RunTime:0.031511s ]
INFO: [ view_parse ] --END-- [ RunTime:0.033741s ]
INFO: [ view_filter ] --START--
INFO: Run Behavior\WriteHtmlCacheBehavior [ RunTime:0.004487s ]
INFO: [ view_filter ] --END-- [ RunTime:0.004984s ]
INFO: [ app_end ] --START--
INFO: Run Behavior\ShowPageTraceBehavior [ RunTime:0.004795s ]
INFO: [ app_end ] --END-- [ RunTime:0.005603s ]

[ 2019-10-28T00:15:55+08:00 ] 127.0.0.1 /ManagerSystem/index.php/Admin/Index/top.html
INFO: [ view_parse ] --START--
INFO: [ template_filter ] --START--
INFO: Run Behavior\ContentReplaceBehavior [ RunTime:0.000079s ]
INFO: [ template_filter ] --END-- [ RunTime:0.000225s ]
INFO: Run Behavior\ParseTemplateBehavior [ RunTime:0.013931s ]
INFO: [ view_parse ] --END-- [ RunTime:0.014940s ]
INFO: [ view_filter ] --START--
INFO: Run Behavior\WriteHtmlCacheBehavior [ RunTime:0.001213s ]
INFO: [ view_filter ] --END-- [ RunTime:0.001314s ]
INFO: [ app_end ] --START--
INFO: Run Behavior\ShowPageTraceBehavior [ RunTime:0.001368s ]
INFO: [ app_end ] --END-- [ RunTime:0.001473s ]

[ 2019-10-28T00:15:55+08:00 ] 127.0.0.1 /ManagerSystem/index.php/Admin/Index/right.html
INFO: [ view_parse ] --START--
INFO: [ template_filter ] --START--
INFO: Run Behavior\ContentReplaceBehavior [ RunTime:0.000187s ]
INFO: [ template_filter ] --END-- [ RunTime:0.001258s ]
INFO: Run Behavior\ParseTemplateBehavior [ RunTime:0.042375s ]
INFO: [ view_parse ] --END-- [ RunTime:0.044876s ]
INFO: [ view_filter ] --START--
INFO: Run Behavior\WriteHtmlCacheBehavior [ RunTime:0.003746s ]
INFO: [ view_filter ] --END-- [ RunTime:0.003875s ]
INFO: [ app_end ] --START--
INFO: Run Behavior\ShowPageTraceBehavior [ RunTime:0.005378s ]
INFO: [ app_end ] --END-- [ RunTime:0.005628s ]

[ 2019-10-28T00:16:03+08:00 ] 127.0.0.1 /ManagerSystem/index.php/Admin/Index/right.html
INFO: [ view_parse ] --START--
INFO: [ template_filter ] --START--
INFO: Run Behavior\ContentReplaceBehavior [ RunTime:0.000184s ]
INFO: [ template_filter ] --END-- [ RunTime:0.000458s ]
INFO: Run Behavior\ParseTemplateBehavior [ RunTime:0.023179s ]
INFO: [ view_parse ] --END-- [ RunTime:0.024675s ]
INFO: [ view_filter ] --START--
INFO: Run Behavior\WriteHtmlCacheBehavior [ RunTime:0.002406s ]
INFO: [ view_filter ] --END-- [ RunTime:0.002635s ]
INFO: [ app_end ] --START--
INFO: Run Behavior\ShowPageTraceBehavior [ RunTime:0.003441s ]
INFO: [ app_end ] --END-- [ RunTime:0.003793s ]

[ 2019-10-28T00:16:03+08:00 ] 127.0.0.1 /ManagerSystem/index.php/Admin/Index/top.html
INFO: [ view_parse ] --START--
INFO: [ template_filter ] --START--
INFO: Run Behavior\ContentReplaceBehavior [ RunTime:0.000118s ]
INFO: [ template_filter ] --END-- [ RunTime:0.000319s ]
INFO: Run Behavior\ParseTemplateBehavior [ RunTime:0.035186s ]
INFO: [ view_parse ] --END-- [ RunTime:0.036337s ]
INFO: [ view_filter ] --START--
INFO: Run Behavior\WriteHtmlCacheBehavior [ RunTime:0.003163s ]
INFO: [ view_filter ] --END-- [ RunTime:0.003365s ]
INFO: [ app_end ] --START--
INFO: Run Behavior\ShowPageTraceBehavior [ RunTime:0.003921s ]
INFO: [ app_end ] --END-- [ RunTime:0.004111s ]

[ 2019-10-28T00:16:48+08:00 ] 127.0.0.1 /ManagerSystem/index.php/Admin/Index/left.html
ERR: 1064:You have an error in your SQL syntax; check the manual that corresponds to your MySQL server version for the right syntax to use near ') AND `a_pid` = 0' at line 1
 [ SQL语句 ] : SELECT * FROM `nc_auth` WHERE `a_id` IN () AND `a_pid` = 0 

[ 2019-10-28T00:16:48+08:00 ] 127.0.0.1 /ManagerSystem/index.php/Admin/Index/right.html
INFO: [ view_parse ] --START--
INFO: [ template_filter ] --START--
INFO: Run Behavior\ContentReplaceBehavior [ RunTime:0.000150s ]
INFO: [ template_filter ] --END-- [ RunTime:0.000473s ]
INFO: Run Behavior\ParseTemplateBehavior [ RunTime:0.029324s ]
INFO: [ view_parse ] --END-- [ RunTime:0.031158s ]
INFO: [ view_filter ] --START--
INFO: Run Behavior\WriteHtmlCacheBehavior [ RunTime:0.001987s ]
INFO: [ view_filter ] --END-- [ RunTime:0.002181s ]
INFO: [ app_end ] --START--
INFO: Run Behavior\ShowPageTraceBehavior [ RunTime:0.013003s ]
INFO: [ app_end ] --END-- [ RunTime:0.013427s ]

[ 2019-10-28T00:16:48+08:00 ] 127.0.0.1 /ManagerSystem/index.php/Admin/Index/top.html
INFO: [ view_parse ] --START--
INFO: [ template_filter ] --START--
INFO: Run Behavior\ContentReplaceBehavior [ RunTime:0.000590s ]
INFO: [ template_filter ] --END-- [ RunTime:0.000898s ]
INFO: Run Behavior\ParseTemplateBehavior [ RunTime:0.043151s ]
INFO: [ view_parse ] --END-- [ RunTime:0.044531s ]
INFO: [ view_filter ] --START--
INFO: Run Behavior\WriteHtmlCacheBehavior [ RunTime:0.002148s ]
INFO: [ view_filter ] --END-- [ RunTime:0.002316s ]
INFO: [ app_end ] --START--
INFO: Run Behavior\ShowPageTraceBehavior [ RunTime:0.003444s ]
INFO: [ app_end ] --END-- [ RunTime:0.003578s ]

[ 2019-10-28T00:18:02+08:00 ] 127.0.0.1 /ManagerSystem/index.php/Admin/Index/right.html
INFO: [ view_parse ] --START--
INFO: [ template_filter ] --START--
INFO: Run Behavior\ContentReplaceBehavior [ RunTime:0.000158s ]
INFO: [ template_filter ] --END-- [ RunTime:0.000393s ]
INFO: Run Behavior\ParseTemplateBehavior [ RunTime:0.027143s ]
INFO: [ view_parse ] --END-- [ RunTime:0.028261s ]
INFO: [ view_filter ] --START--
INFO: Run Behavior\WriteHtmlCacheBehavior [ RunTime:0.002339s ]
INFO: [ view_filter ] --END-- [ RunTime:0.002488s ]
INFO: [ app_end ] --START--
INFO: Run Behavior\ShowPageTraceBehavior [ RunTime:0.001651s ]
INFO: [ app_end ] --END-- [ RunTime:0.001766s ]

[ 2019-10-28T00:18:02+08:00 ] 127.0.0.1 /ManagerSystem/index.php/Admin/Index/top.html
INFO: [ view_parse ] --START--
INFO: [ template_filter ] --START--
INFO: Run Behavior\ContentReplaceBehavior [ RunTime:0.000134s ]
INFO: [ template_filter ] --END-- [ RunTime:0.000355s ]
INFO: Run Behavior\ParseTemplateBehavior [ RunTime:0.041173s ]
INFO: [ view_parse ] --END-- [ RunTime:0.043492s ]
INFO: [ view_filter ] --START--
INFO: Run Behavior\WriteHtmlCacheBehavior [ RunTime:0.009629s ]
INFO: [ view_filter ] --END-- [ RunTime:0.011101s ]
INFO: [ app_end ] --START--
INFO: Run Behavior\ShowPageTraceBehavior [ RunTime:0.003616s ]
INFO: [ app_end ] --END-- [ RunTime:0.003984s ]

[ 2019-10-28T00:33:49+08:00 ] 127.0.0.1 /ManagerSystem/index.php/Admin/Index/right.html
INFO: [ view_parse ] --START--
INFO: [ template_filter ] --START--
INFO: Run Behavior\ContentReplaceBehavior [ RunTime:0.000078s ]
INFO: [ template_filter ] --END-- [ RunTime:0.000242s ]
INFO: Run Behavior\ParseTemplateBehavior [ RunTime:0.021034s ]
INFO: [ view_parse ] --END-- [ RunTime:0.022413s ]
INFO: [ view_filter ] --START--
INFO: Run Behavior\WriteHtmlCacheBehavior [ RunTime:0.001654s ]
INFO: [ view_filter ] --END-- [ RunTime:0.001765s ]
INFO: [ app_end ] --START--
INFO: Run Behavior\ShowPageTraceBehavior [ RunTime:0.002049s ]
INFO: [ app_end ] --END-- [ RunTime:0.002189s ]

[ 2019-10-28T00:33:49+08:00 ] 127.0.0.1 /ManagerSystem/index.php/Admin/Index/top.html
INFO: [ view_parse ] --START--
INFO: [ template_filter ] --START--
INFO: Run Behavior\ContentReplaceBehavior [ RunTime:0.000303s ]
INFO: [ template_filter ] --END-- [ RunTime:0.000745s ]
INFO: Run Behavior\ParseTemplateBehavior [ RunTime:0.041052s ]
INFO: [ view_parse ] --END-- [ RunTime:0.043785s ]
INFO: [ view_filter ] --START--
INFO: Run Behavior\WriteHtmlCacheBehavior [ RunTime:0.011938s ]
INFO: [ view_filter ] --END-- [ RunTime:0.012588s ]
INFO: [ app_end ] --START--
INFO: Run Behavior\ShowPageTraceBehavior [ RunTime:0.002584s ]
INFO: [ app_end ] --END-- [ RunTime:0.002738s ]

[ 2019-10-28T00:34:18+08:00 ] 127.0.0.1 /ManagerSystem/index.php/Admin/Index/top.html
INFO: [ view_parse ] --START--
INFO: [ template_filter ] --START--
INFO: Run Behavior\ContentReplaceBehavior [ RunTime:0.000076s ]
INFO: [ template_filter ] --END-- [ RunTime:0.000202s ]
INFO: Run Behavior\ParseTemplateBehavior [ RunTime:0.015824s ]
INFO: [ view_parse ] --END-- [ RunTime:0.016896s ]
INFO: [ view_filter ] --START--
INFO: Run Behavior\WriteHtmlCacheBehavior [ RunTime:0.001256s ]
INFO: [ view_filter ] --END-- [ RunTime:0.001362s ]
INFO: [ app_end ] --START--
INFO: Run Behavior\ShowPageTraceBehavior [ RunTime:0.001438s ]
INFO: [ app_end ] --END-- [ RunTime:0.001548s ]

[ 2019-10-28T00:34:18+08:00 ] 127.0.0.1 /ManagerSystem/index.php/Admin/Index/right.html
INFO: [ view_parse ] --START--
INFO: [ template_filter ] --START--
INFO: Run Behavior\ContentReplaceBehavior [ RunTime:0.000090s ]
INFO: [ template_filter ] --END-- [ RunTime:0.000252s ]
INFO: Run Behavior\ParseTemplateBehavior [ RunTime:0.028408s ]
INFO: [ view_parse ] --END-- [ RunTime:0.029727s ]
INFO: [ view_filter ] --START--
INFO: Run Behavior\WriteHtmlCacheBehavior [ RunTime:0.002286s ]
INFO: [ view_filter ] --END-- [ RunTime:0.002500s ]
INFO: [ app_end ] --START--
INFO: Run Behavior\ShowPageTraceBehavior [ RunTime:0.003818s ]
INFO: [ app_end ] --END-- [ RunTime:0.004257s ]

[ 2019-10-28T00:36:05+08:00 ] 127.0.0.1 /ManagerSystem/index.php/Admin/Index/top.html
INFO: [ view_parse ] --START--
INFO: [ template_filter ] --START--
INFO: Run Behavior\ContentReplaceBehavior [ RunTime:0.000138s ]
INFO: [ template_filter ] --END-- [ RunTime:0.000381s ]
INFO: Run Behavior\ParseTemplateBehavior [ RunTime:0.018507s ]
INFO: [ view_parse ] --END-- [ RunTime:0.019400s ]
INFO: [ view_filter ] --START--
INFO: Run Behavior\WriteHtmlCacheBehavior [ RunTime:0.001954s ]
INFO: [ view_filter ] --END-- [ RunTime:0.002118s ]
INFO: [ app_end ] --START--
INFO: Run Behavior\ShowPageTraceBehavior [ RunTime:0.002180s ]
INFO: [ app_end ] --END-- [ RunTime:0.002338s ]

[ 2019-10-28T00:36:05+08:00 ] 127.0.0.1 /ManagerSystem/index.php/Admin/Index/right.html
INFO: [ view_parse ] --START--
INFO: [ template_filter ] --START--
INFO: Run Behavior\ContentReplaceBehavior [ RunTime:0.000080s ]
INFO: [ template_filter ] --END-- [ RunTime:0.000204s ]
INFO: Run Behavior\ParseTemplateBehavior [ RunTime:0.027382s ]
INFO: [ view_parse ] --END-- [ RunTime:0.030073s ]
INFO: [ view_filter ] --START--
INFO: Run Behavior\WriteHtmlCacheBehavior [ RunTime:0.002033s ]
INFO: [ view_filter ] --END-- [ RunTime:0.002517s ]
INFO: [ app_end ] --START--
INFO: Run Behavior\ShowPageTraceBehavior [ RunTime:0.003816s ]
INFO: [ app_end ] --END-- [ RunTime:0.004086s ]

[ 2019-10-28T15:05:31+08:00 ] 127.0.0.1 /ManagerSystem/index.php/Admin/Index/top.html
INFO: [ view_parse ] --START--
INFO: [ template_filter ] --START--
INFO: Run Behavior\ContentReplaceBehavior [ RunTime:0.000136s ]
INFO: [ template_filter ] --END-- [ RunTime:0.000372s ]
INFO: Run Behavior\ParseTemplateBehavior [ RunTime:0.020211s ]
INFO: [ view_parse ] --END-- [ RunTime:0.021245s ]
INFO: [ view_filter ] --START--
INFO: Run Behavior\WriteHtmlCacheBehavior [ RunTime:0.001447s ]
INFO: [ view_filter ] --END-- [ RunTime:0.001675s ]
INFO: [ app_end ] --START--
INFO: Run Behavior\ShowPageTraceBehavior [ RunTime:0.001797s ]
INFO: [ app_end ] --END-- [ RunTime:0.002018s ]

[ 2019-10-28T15:05:31+08:00 ] 127.0.0.1 /ManagerSystem/index.php/Admin/Index/right.html
INFO: [ view_parse ] --START--
INFO: [ template_filter ] --START--
INFO: Run Behavior\ContentReplaceBehavior [ RunTime:0.000126s ]
INFO: [ template_filter ] --END-- [ RunTime:0.000330s ]
INFO: Run Behavior\ParseTemplateBehavior [ RunTime:0.023049s ]
INFO: [ view_parse ] --END-- [ RunTime:0.024570s ]
INFO: [ view_filter ] --START--
INFO: Run Behavior\WriteHtmlCacheBehavior [ RunTime:0.002438s ]
INFO: [ view_filter ] --END-- [ RunTime:0.003415s ]
INFO: [ app_end ] --START--
INFO: Run Behavior\ShowPageTraceBehavior [ RunTime:0.004210s ]
INFO: [ app_end ] --END-- [ RunTime:0.004684s ]

[ 2019-10-28T16:18:01+08:00 ] 127.0.0.1 /ManagerSystem/index.php/Admin/Role/distribute/r_id/3.html
ERR: 1064:You have an error in your SQL syntax; check the manual that corresponds to your MySQL server version for the right syntax to use near 'WHERE `r_id` = 3' at line 1
 [ SQL语句 ] : UPDATE `nc_role_auth` SET  WHERE `r_id` = 3

[ 2019-10-28T16:38:54+08:00 ] 127.0.0.1 /ManagerSystem/index.php/Admin/Role/distribute/r_id/3.html
ERR: Think\Model:insert方法不存在！

[ 2019-10-28T16:57:49+08:00 ] 127.0.0.1 /ManagerSystem/index.php/Admin/Role/distribute/r_id/3.html
ERR: 1054:Unknown column 'Array' in 'field list'
 [ SQL语句 ] : replace into nc_role_auth(r_id,a_id) values(3,Array)

[ 2019-10-28T16:59:10+08:00 ] 127.0.0.1 /ManagerSystem/index.php/Admin/Role/distribute/r_id/3.html
ERR: 1054:Unknown column 'Array' in 'field list'
 [ SQL语句 ] : replace into nc_role_auth(r_id,a_id) values(3,Array)

[ 2019-10-28T16:59:38+08:00 ] 127.0.0.1 /ManagerSystem/index.php/Admin/Role/distribute/r_id/3.html
ERR: 1054:Unknown column 'Array' in 'field list'
 [ SQL语句 ] : replace into nc_role_auth(r_id,a_id) values(3,Array)

[ 2019-10-28T17:00:17+08:00 ] 127.0.0.1 /ManagerSystem/index.php/Admin/Role/distribute/r_id/3.html
ERR: 1054:Unknown column 'Array' in 'field list'
 [ SQL语句 ] : replace into nc_role_auth(r_id,a_id) values(3,Array)

[ 2019-10-28T17:01:24+08:00 ] 127.0.0.1 /ManagerSystem/index.php/Admin/Role/distribute/r_id/3.html
ERR: :
 [ SQL语句 ] : replace into nc_role_auth(r_id,a_id) values(3,4)

[ 2019-10-28T17:02:14+08:00 ] 127.0.0.1 /ManagerSystem/index.php/Admin/Role/distribute/r_id/4.html
ERR: :
 [ SQL语句 ] : replace into nc_role_auth(r_id,a_id) values (4,5)

[ 2019-10-28T17:04:03+08:00 ] 127.0.0.1 /ManagerSystem/index.php/Admin/Role/distribute/r_id/4.html
ERR: :
 [ SQL语句 ] : replace into nc_role_auth (r_id,a_id) values (4,5)

[ 2019-10-28T17:10:14+08:00 ] 127.0.0.1 /ManagerSystem/index.php/Admin/Role/distribute/r_id/4.html
ERR: 1064:You have an error in your SQL syntax; check the manual that corresponds to your MySQL server version for the right syntax to use near 'eplace into nc_role_auth(r_id,a_id) values (4,5)' at line 1
 [ SQL语句 ] : eplace into nc_role_auth(r_id,a_id) values (4,5)

[ 2019-10-28T17:10:33+08:00 ] 127.0.0.1 /ManagerSystem/index.php/Admin/Role/distribute/r_id/1.html
ERR: :
 [ SQL语句 ] : replace into nc_role_auth(r_id,a_id) values (1,5)

[ 2019-10-28T17:14:15+08:00 ] 127.0.0.1 /ManagerSystem/index.php/Admin/Role/distribute/r_id/4.html
ERR: :
 [ SQL语句 ] : replace into nc_role_auth(r_id,a_id) values (4,5)

[ 2019-10-28T18:07:06+08:00 ] 127.0.0.1 /ManagerSystem/index.php/Admin/Role/distribute
ERR: 1136:Column count doesn't match value count at row 1
 [ SQL语句 ] : REPLACE INTO nc_role_auth (a_id) value ()

[ 2019-10-28T18:08:29+08:00 ] 127.0.0.1 /ManagerSystem/index.php/Admin/Role/distribute
ERR: 1064:You have an error in your SQL syntax; check the manual that corresponds to your MySQL server version for the right syntax to use near '' at line 1
 [ SQL语句 ] : REPLACE INTO nc_role_auth (a_id) value 

[ 2019-10-28T18:09:46+08:00 ] 127.0.0.1 /ManagerSystem/index.php/Admin/Role/distribute
ERR: 1064:You have an error in your SQL syntax; check the manual that corresponds to your MySQL server version for the right syntax to use near ')' at line 1
 [ SQL语句 ] : REPLACE INTO nc_role_auth(r_id,a_id) value (,)

[ 2019-10-28T18:10:27+08:00 ] 127.0.0.1 /ManagerSystem/index.php/Admin/Role/distribute
ERR: 1064:You have an error in your SQL syntax; check the manual that corresponds to your MySQL server version for the right syntax to use near '4)' at line 1
 [ SQL语句 ] : REPLACE INTO nc_role_auth(r_id,a_id) value (,4)

[ 2019-10-28T18:11:10+08:00 ] 127.0.0.1 /ManagerSystem/index.php/Admin/Role/distribute/r_id/3.html
ERR: :
 [ SQL语句 ] : REPLACE INTO nc_role_auth(r_id,a_id) value (3,4)

[ 2019-10-28T18:18:47+08:00 ] 127.0.0.1 /ManagerSystem/index.php/Admin/Role/distribute/r_id/3.html
ERR: 1146:Table 'realrbac.nc_nc_role_auth' doesn't exist
 [ SQL语句 ] : SHOW COLUMNS FROM `nc_nc_role_auth`

[ 2019-10-28T18:39:53+08:00 ] 127.0.0.1 /ManagerSystem/index.php/Admin/Role/distribute/r_id/3.html
ERR: :
 [ SQL语句 ] : insert into nc_role_auth(r_id,a_id) value (3,4) 

[ 2019-10-28T18:41:26+08:00 ] 127.0.0.1 /ManagerSystem/index.php/Admin/Role/distribute/r_id/3.html
ERR: :
 [ SQL语句 ] : insert into nc_role_auth(r_id,a_id) values (3,4) 

[ 2019-10-28T18:49:44+08:00 ] 127.0.0.1 /ManagerSystem/index.php/Admin/Role/distribute/r_id/3.html
ERR: :
 [ SQL语句 ] : insert into nc_role_auth(r_id,a_id) values (3,4) 

[ 2019-10-28T18:57:27+08:00 ] 127.0.0.1 /ManagerSystem/index.php/Admin/Role/distribute/r_id/3.html
ERR: :
 [ SQL语句 ] : insert into nc_role_auth(r_id,a_id) values (3,3)

[ 2019-10-28T18:58:56+08:00 ] 127.0.0.1 /ManagerSystem/index.php/Admin/Role/distribute/r_id/2.html
ERR: :
 [ SQL语句 ] : insert into nc_role_auth(r_id,a_id) values (2,5)

[ 2019-10-28T19:06:20+08:00 ] 127.0.0.1 /ManagerSystem/index.php/Admin/Role/distribute/r_id/4.html
ERR: 1064:You have an error in your SQL syntax; check the manual that corresponds to your MySQL server version for the right syntax to use near '' at line 1
 [ SQL语句 ] : select a_id from nc_role_auth where r_id = 4 group

[ 2019-10-28T19:30:00+08:00 ] 127.0.0.1 /ManagerSystem/index.php/Admin/Index/top.html
INFO: [ view_parse ] --START--
INFO: [ template_filter ] --START--
INFO: Run Behavior\ContentReplaceBehavior [ RunTime:0.000074s ]
INFO: [ template_filter ] --END-- [ RunTime:0.000199s ]
INFO: Run Behavior\ParseTemplateBehavior [ RunTime:0.018790s ]
INFO: [ view_parse ] --END-- [ RunTime:0.019707s ]
INFO: [ view_filter ] --START--
INFO: Run Behavior\WriteHtmlCacheBehavior [ RunTime:0.002918s ]
INFO: [ view_filter ] --END-- [ RunTime:0.003105s ]
INFO: [ app_end ] --START--
INFO: Run Behavior\ShowPageTraceBehavior [ RunTime:0.002110s ]
INFO: [ app_end ] --END-- [ RunTime:0.002219s ]

[ 2019-10-28T19:30:00+08:00 ] 127.0.0.1 /ManagerSystem/index.php/Admin/Index/right.html
INFO: [ view_parse ] --START--
INFO: [ template_filter ] --START--
INFO: Run Behavior\ContentReplaceBehavior [ RunTime:0.000213s ]
INFO: [ template_filter ] --END-- [ RunTime:0.000350s ]
INFO: Run Behavior\ParseTemplateBehavior [ RunTime:0.024119s ]
INFO: [ view_parse ] --END-- [ RunTime:0.025753s ]
INFO: [ view_filter ] --START--
INFO: Run Behavior\WriteHtmlCacheBehavior [ RunTime:0.002015s ]
INFO: [ view_filter ] --END-- [ RunTime:0.002127s ]
INFO: [ app_end ] --START--
INFO: Run Behavior\ShowPageTraceBehavior [ RunTime:0.004725s ]
INFO: [ app_end ] --END-- [ RunTime:0.004909s ]

[ 2019-10-28T19:30:09+08:00 ] 127.0.0.1 /ManagerSystem/index.php/Admin/Role/distribute/r_id/4.html
ERR: 1054:Unknown column '4' in 'group statement'
 [ SQL语句 ] : select group_concat(a_id) from nc_role_auth where r_id = 4 group by 4

[ 2019-10-28T19:58:52+08:00 ] 127.0.0.1 /ManagerSystem/index.php/Admin/Index/right.html
INFO: [ view_parse ] --START--
INFO: [ template_filter ] --START--
INFO: Run Behavior\ContentReplaceBehavior [ RunTime:0.000087s ]
INFO: [ template_filter ] --END-- [ RunTime:0.000321s ]
INFO: Run Behavior\ParseTemplateBehavior [ RunTime:0.023358s ]
INFO: [ view_parse ] --END-- [ RunTime:0.025261s ]
INFO: [ view_filter ] --START--
INFO: Run Behavior\WriteHtmlCacheBehavior [ RunTime:0.003609s ]
INFO: [ view_filter ] --END-- [ RunTime:0.003861s ]
INFO: [ app_end ] --START--
INFO: Run Behavior\ShowPageTraceBehavior [ RunTime:0.003210s ]
INFO: [ app_end ] --END-- [ RunTime:0.003379s ]

[ 2019-10-28T19:58:52+08:00 ] 127.0.0.1 /ManagerSystem/index.php/Admin/Index/top.html
INFO: [ view_parse ] --START--
INFO: [ template_filter ] --START--
INFO: Run Behavior\ContentReplaceBehavior [ RunTime:0.000180s ]
INFO: [ template_filter ] --END-- [ RunTime:0.000498s ]
INFO: Run Behavior\ParseTemplateBehavior [ RunTime:0.036999s ]
INFO: [ view_parse ] --END-- [ RunTime:0.038552s ]
INFO: [ view_filter ] --START--
INFO: Run Behavior\WriteHtmlCacheBehavior [ RunTime:0.003673s ]
INFO: [ view_filter ] --END-- [ RunTime:0.003894s ]
INFO: [ app_end ] --START--
INFO: Run Behavior\ShowPageTraceBehavior [ RunTime:0.003608s ]
INFO: [ app_end ] --END-- [ RunTime:0.003868s ]

[ 2019-10-28T19:58:55+08:00 ] 127.0.0.1 /ManagerSystem/index.php/Admin/Manager/logout.html
ERR: 无法加载控制器:Manager

[ 2019-10-28T19:59:11+08:00 ] 127.0.0.1 /ManagerSystem/index.php/Admin/Manager/logout.html
ERR: 无法加载控制器:Manager

[ 2019-10-28T19:59:16+08:00 ] 127.0.0.1 /ManagerSystem/index.php/Admin/Manager/logout.html
ERR: 无法加载控制器:Manager

[ 2019-10-28T19:59:39+08:00 ] 127.0.0.1 /ManagerSystem/index.php/Admin/Index/top.html
INFO: [ view_parse ] --START--
INFO: [ template_filter ] --START--
INFO: Run Behavior\ContentReplaceBehavior [ RunTime:0.000119s ]
INFO: [ template_filter ] --END-- [ RunTime:0.000314s ]
INFO: Run Behavior\ParseTemplateBehavior [ RunTime:0.031140s ]
INFO: [ view_parse ] --END-- [ RunTime:0.033168s ]
INFO: [ view_filter ] --START--
INFO: Run Behavior\WriteHtmlCacheBehavior [ RunTime:0.006148s ]
INFO: [ view_filter ] --END-- [ RunTime:0.006449s ]
INFO: [ app_end ] --START--
INFO: Run Behavior\ShowPageTraceBehavior [ RunTime:0.006111s ]
INFO: [ app_end ] --END-- [ RunTime:0.006404s ]

[ 2019-10-28T19:59:40+08:00 ] 127.0.0.1 /ManagerSystem/index.php/Admin/Index/right.html
INFO: [ view_parse ] --START--
INFO: [ template_filter ] --START--
INFO: Run Behavior\ContentReplaceBehavior [ RunTime:0.002983s ]
INFO: [ template_filter ] --END-- [ RunTime:0.003368s ]
INFO: Run Behavior\ParseTemplateBehavior [ RunTime:0.032697s ]
INFO: [ view_parse ] --END-- [ RunTime:0.033671s ]
INFO: [ view_filter ] --START--
INFO: Run Behavior\WriteHtmlCacheBehavior [ RunTime:0.003411s ]
INFO: [ view_filter ] --END-- [ RunTime:0.003791s ]
INFO: [ app_end ] --START--
INFO: Run Behavior\ShowPageTraceBehavior [ RunTime:0.004343s ]
INFO: [ app_end ] --END-- [ RunTime:0.004655s ]

[ 2019-10-28T20:00:23+08:00 ] 127.0.0.1 /ManagerSystem/index.php/Admin/Index/top.html
INFO: [ view_parse ] --START--
INFO: [ template_filter ] --START--
INFO: Run Behavior\ContentReplaceBehavior [ RunTime:0.000155s ]
INFO: [ template_filter ] --END-- [ RunTime:0.000373s ]
INFO: Run Behavior\ParseTemplateBehavior [ RunTime:0.030780s ]
INFO: [ view_parse ] --END-- [ RunTime:0.032306s ]
INFO: [ view_filter ] --START--
INFO: Run Behavior\WriteHtmlCacheBehavior [ RunTime:0.006113s ]
INFO: [ view_filter ] --END-- [ RunTime:0.006432s ]
INFO: [ app_end ] --START--
INFO: Run Behavior\ShowPageTraceBehavior [ RunTime:0.004986s ]
INFO: [ app_end ] --END-- [ RunTime:0.005194s ]

[ 2019-10-28T20:00:23+08:00 ] 127.0.0.1 /ManagerSystem/index.php/Admin/Index/right.html
INFO: [ view_parse ] --START--
INFO: [ template_filter ] --START--
INFO: Run Behavior\ContentReplaceBehavior [ RunTime:0.000212s ]
INFO: [ template_filter ] --END-- [ RunTime:0.001767s ]
INFO: Run Behavior\ParseTemplateBehavior [ RunTime:0.044129s ]
INFO: [ view_parse ] --END-- [ RunTime:0.045607s ]
INFO: [ view_filter ] --START--
INFO: Run Behavior\WriteHtmlCacheBehavior [ RunTime:0.008239s ]
INFO: [ view_filter ] --END-- [ RunTime:0.008629s ]
INFO: [ app_end ] --START--
INFO: Run Behavior\ShowPageTraceBehavior [ RunTime:0.003908s ]
INFO: [ app_end ] --END-- [ RunTime:0.004162s ]

[ 2019-10-28T20:03:49+08:00 ] 127.0.0.1 /ManagerSystem/index.php/Admin/Index/top.html
INFO: [ view_parse ] --START--
INFO: [ template_filter ] --START--
INFO: Run Behavior\ContentReplaceBehavior [ RunTime:0.000131s ]
INFO: [ template_filter ] --END-- [ RunTime:0.000284s ]
INFO: Run Behavior\ParseTemplateBehavior [ RunTime:0.019894s ]
INFO: [ view_parse ] --END-- [ RunTime:0.021786s ]
INFO: [ view_filter ] --START--
INFO: Run Behavior\WriteHtmlCacheBehavior [ RunTime:0.003208s ]
INFO: [ view_filter ] --END-- [ RunTime:0.003403s ]
INFO: [ app_end ] --START--
INFO: Run Behavior\ShowPageTraceBehavior [ RunTime:0.003371s ]
INFO: [ app_end ] --END-- [ RunTime:0.003539s ]

[ 2019-10-28T20:03:49+08:00 ] 127.0.0.1 /ManagerSystem/index.php/Admin/Index/right.html
INFO: [ view_parse ] --START--
INFO: [ template_filter ] --START--
INFO: Run Behavior\ContentReplaceBehavior [ RunTime:0.000079s ]
INFO: [ template_filter ] --END-- [ RunTime:0.000202s ]
INFO: Run Behavior\ParseTemplateBehavior [ RunTime:0.019934s ]
INFO: [ view_parse ] --END-- [ RunTime:0.021145s ]
INFO: [ view_filter ] --START--
INFO: Run Behavior\WriteHtmlCacheBehavior [ RunTime:0.007934s ]
INFO: [ view_filter ] --END-- [ RunTime:0.008415s ]
INFO: [ app_end ] --START--
INFO: Run Behavior\ShowPageTraceBehavior [ RunTime:0.003580s ]
INFO: [ app_end ] --END-- [ RunTime:0.003747s ]

[ 2019-10-28T20:03:50+08:00 ] 127.0.0.1 /ManagerSystem/index.php/Admin/Index/top.html
INFO: [ view_parse ] --START--
INFO: [ template_filter ] --START--
INFO: Run Behavior\ContentReplaceBehavior [ RunTime:0.000077s ]
INFO: [ template_filter ] --END-- [ RunTime:0.000199s ]
INFO: Run Behavior\ParseTemplateBehavior [ RunTime:0.015671s ]
INFO: [ view_parse ] --END-- [ RunTime:0.016482s ]
INFO: [ view_filter ] --START--
INFO: Run Behavior\WriteHtmlCacheBehavior [ RunTime:0.001933s ]
INFO: [ view_filter ] --END-- [ RunTime:0.002046s ]
INFO: [ app_end ] --START--
INFO: Run Behavior\ShowPageTraceBehavior [ RunTime:0.002049s ]
INFO: [ app_end ] --END-- [ RunTime:0.002157s ]

[ 2019-10-28T20:03:50+08:00 ] 127.0.0.1 /ManagerSystem/index.php/Admin/Index/right.html
INFO: [ view_parse ] --START--
INFO: [ template_filter ] --START--
INFO: Run Behavior\ContentReplaceBehavior [ RunTime:0.000130s ]
INFO: [ template_filter ] --END-- [ RunTime:0.000343s ]
INFO: Run Behavior\ParseTemplateBehavior [ RunTime:0.030307s ]
INFO: [ view_parse ] --END-- [ RunTime:0.032648s ]
INFO: [ view_filter ] --START--
INFO: Run Behavior\WriteHtmlCacheBehavior [ RunTime:0.006278s ]
INFO: [ view_filter ] --END-- [ RunTime:0.006931s ]
INFO: [ app_end ] --START--
INFO: Run Behavior\ShowPageTraceBehavior [ RunTime:0.005438s ]
INFO: [ app_end ] --END-- [ RunTime:0.005610s ]

[ 2019-10-28T20:10:28+08:00 ] 127.0.0.1 /ManagerSystem/index.php/Admin/Index/top.html
INFO: [ view_parse ] --START--
INFO: [ template_filter ] --START--
INFO: Run Behavior\ContentReplaceBehavior [ RunTime:0.000079s ]
INFO: [ template_filter ] --END-- [ RunTime:0.000225s ]
INFO: Run Behavior\ParseTemplateBehavior [ RunTime:0.013089s ]
INFO: [ view_parse ] --END-- [ RunTime:0.015172s ]
INFO: [ view_filter ] --START--
INFO: Run Behavior\WriteHtmlCacheBehavior [ RunTime:0.001983s ]
INFO: [ view_filter ] --END-- [ RunTime:0.002105s ]
INFO: [ app_end ] --START--
INFO: Run Behavior\ShowPageTraceBehavior [ RunTime:0.001550s ]
INFO: [ app_end ] --END-- [ RunTime:0.001659s ]

[ 2019-10-28T20:10:28+08:00 ] 127.0.0.1 /ManagerSystem/index.php/Admin/Index/right.html
INFO: [ view_parse ] --START--
INFO: [ template_filter ] --START--
INFO: Run Behavior\ContentReplaceBehavior [ RunTime:0.000168s ]
INFO: [ template_filter ] --END-- [ RunTime:0.000397s ]
INFO: Run Behavior\ParseTemplateBehavior [ RunTime:0.028162s ]
INFO: [ view_parse ] --END-- [ RunTime:0.029701s ]
INFO: [ view_filter ] --START--
INFO: Run Behavior\WriteHtmlCacheBehavior [ RunTime:0.003415s ]
INFO: [ view_filter ] --END-- [ RunTime:0.003659s ]
INFO: [ app_end ] --START--
INFO: Run Behavior\ShowPageTraceBehavior [ RunTime:0.003501s ]
INFO: [ app_end ] --END-- [ RunTime:0.003775s ]

[ 2019-10-28T20:23:15+08:00 ] 127.0.0.1 /ManagerSystem/index.php/Admin/Index/right.html
INFO: [ view_parse ] --START--
INFO: [ template_filter ] --START--
INFO: Run Behavior\ContentReplaceBehavior [ RunTime:0.000185s ]
INFO: [ template_filter ] --END-- [ RunTime:0.000367s ]
INFO: Run Behavior\ParseTemplateBehavior [ RunTime:0.025135s ]
INFO: [ view_parse ] --END-- [ RunTime:0.026457s ]
INFO: [ view_filter ] --START--
INFO: Run Behavior\WriteHtmlCacheBehavior [ RunTime:0.001666s ]
INFO: [ view_filter ] --END-- [ RunTime:0.001790s ]
INFO: [ app_end ] --START--
INFO: Run Behavior\ShowPageTraceBehavior [ RunTime:0.002812s ]
INFO: [ app_end ] --END-- [ RunTime:0.003108s ]

[ 2019-10-28T20:23:15+08:00 ] 127.0.0.1 /ManagerSystem/index.php/Admin/Index/top.html
INFO: [ view_parse ] --START--
INFO: [ template_filter ] --START--
INFO: Run Behavior\ContentReplaceBehavior [ RunTime:0.000074s ]
INFO: [ template_filter ] --END-- [ RunTime:0.000192s ]
INFO: Run Behavior\ParseTemplateBehavior [ RunTime:0.027522s ]
INFO: [ view_parse ] --END-- [ RunTime:0.029137s ]
INFO: [ view_filter ] --START--
INFO: Run Behavior\WriteHtmlCacheBehavior [ RunTime:0.003260s ]
INFO: [ view_filter ] --END-- [ RunTime:0.003402s ]
INFO: [ app_end ] --START--
INFO: Run Behavior\ShowPageTraceBehavior [ RunTime:0.003533s ]
INFO: [ app_end ] --END-- [ RunTime:0.003652s ]

[ 2019-10-28T20:41:38+08:00 ] 127.0.0.1 /ManagerSystem/index.php/Admin/User/distribute
ERR: 1064:You have an error in your SQL syntax; check the manual that corresponds to your MySQL server version for the right syntax to use near '' at line 1
 [ SQL语句 ] : select group_concat(r_id) as r_ids from nc_role_auth where r_id = 

[ 2019-10-28T21:05:35+08:00 ] 127.0.0.1 /ManagerSystem/index.php/Admin/User/distribute/u_id/3.html
ERR: 非法操作:distribute

[ 2019-10-28T21:06:08+08:00 ] 127.0.0.1 /ManagerSystem/index.php/Admin/User/change/u_id/2.html
ERR: 1064:You have an error in your SQL syntax; check the manual that corresponds to your MySQL server version for the right syntax to use near '['r_id'] where r_id = 2' at line 1
 [ SQL语句 ] : update nc_user_role set r_name = ['r_id'] where r_id = 2

[ 2019-10-28T21:11:11+08:00 ] 127.0.0.1 /ManagerSystem/index.php/Admin/User/change/u_id/2.html
ERR: :
 [ SQL语句 ] : update nc_user_role set r_id = 2 where u_id = 2

[ 2019-10-28T21:11:46+08:00 ] 127.0.0.1 /ManagerSystem/index.php/Admin/User/change/u_id/2.html
ERR: :
 [ SQL语句 ] : update nc_user_role set r_id = 3 where u_id = 2

[ 2019-10-28T21:22:44+08:00 ] 127.0.0.1 /ManagerSystem/index.php/Admin/Index/top.html
INFO: [ view_parse ] --START--
INFO: [ template_filter ] --START--
INFO: Run Behavior\ContentReplaceBehavior [ RunTime:0.000078s ]
INFO: [ template_filter ] --END-- [ RunTime:0.000198s ]
INFO: Run Behavior\ParseTemplateBehavior [ RunTime:0.017934s ]
INFO: [ view_parse ] --END-- [ RunTime:0.018719s ]
INFO: [ view_filter ] --START--
INFO: Run Behavior\WriteHtmlCacheBehavior [ RunTime:0.001336s ]
INFO: [ view_filter ] --END-- [ RunTime:0.001439s ]
INFO: [ app_end ] --START--
INFO: Run Behavior\ShowPageTraceBehavior [ RunTime:0.001595s ]
INFO: [ app_end ] --END-- [ RunTime:0.001709s ]

[ 2019-10-28T21:22:44+08:00 ] 127.0.0.1 /ManagerSystem/index.php/Admin/Index/right.html
INFO: [ view_parse ] --START--
INFO: [ template_filter ] --START--
INFO: Run Behavior\ContentReplaceBehavior [ RunTime:0.001111s ]
INFO: [ template_filter ] --END-- [ RunTime:0.001371s ]
INFO: Run Behavior\ParseTemplateBehavior [ RunTime:0.033901s ]
INFO: [ view_parse ] --END-- [ RunTime:0.034994s ]
INFO: [ view_filter ] --START--
INFO: Run Behavior\WriteHtmlCacheBehavior [ RunTime:0.004553s ]
INFO: [ view_filter ] --END-- [ RunTime:0.005044s ]
INFO: [ app_end ] --START--
INFO: Run Behavior\ShowPageTraceBehavior [ RunTime:0.005535s ]
INFO: [ app_end ] --END-- [ RunTime:0.005921s ]

[ 2019-10-28T21:22:48+08:00 ] 127.0.0.1 /ManagerSystem/index.php/Admin/Category/showlist
ERR: 无法加载控制器:Category

[ 2019-10-28T21:22:49+08:00 ] 127.0.0.1 /ManagerSystem/index.php/Admin/Category/add
ERR: 无法加载控制器:Category

[ 2019-10-28T21:32:20+08:00 ] 127.0.0.1 /ManagerSystem/index.php/Admin/Index/top.html
INFO: [ view_parse ] --START--
INFO: [ template_filter ] --START--
INFO: Run Behavior\ContentReplaceBehavior [ RunTime:0.000076s ]
INFO: [ template_filter ] --END-- [ RunTime:0.000200s ]
INFO: Run Behavior\ParseTemplateBehavior [ RunTime:0.015637s ]
INFO: [ view_parse ] --END-- [ RunTime:0.016563s ]
INFO: [ view_filter ] --START--
INFO: Run Behavior\WriteHtmlCacheBehavior [ RunTime:0.001947s ]
INFO: [ view_filter ] --END-- [ RunTime:0.002068s ]
INFO: [ app_end ] --START--
INFO: Run Behavior\ShowPageTraceBehavior [ RunTime:0.002527s ]
INFO: [ app_end ] --END-- [ RunTime:0.002886s ]

[ 2019-10-28T21:32:20+08:00 ] 127.0.0.1 /ManagerSystem/index.php/Admin/Index/right.html
INFO: [ view_parse ] --START--
INFO: [ template_filter ] --START--
INFO: Run Behavior\ContentReplaceBehavior [ RunTime:0.000145s ]
INFO: [ template_filter ] --END-- [ RunTime:0.000470s ]
INFO: Run Behavior\ParseTemplateBehavior [ RunTime:0.019255s ]
INFO: [ view_parse ] --END-- [ RunTime:0.020624s ]
INFO: [ view_filter ] --START--
INFO: Run Behavior\WriteHtmlCacheBehavior [ RunTime:0.002259s ]
INFO: [ view_filter ] --END-- [ RunTime:0.002416s ]
INFO: [ app_end ] --START--
INFO: Run Behavior\ShowPageTraceBehavior [ RunTime:0.002124s ]
INFO: [ app_end ] --END-- [ RunTime:0.002247s ]

[ 2019-10-28T21:40:05+08:00 ] 127.0.0.1 /ManagerSystem/index.php/Admin/User/showlist
ERR: 1054:Unknown column 'u.r_id' in 'field list'
 [ SQL语句 ] : select u.r_id,u_name,u_password,group_concat(r_name) as aname,group_concat(r_id) as ca
			  	  from nc_user as u 
				  left join nc_user_role as ur on r.r_id = u.r_id
				  left join nc_role as r on r.a_id = ur.a_id 
				  group by u.r_id

[ 2019-10-28T21:40:31+08:00 ] 127.0.0.1 /ManagerSystem/index.php/Admin/User/showlist
ERR: 1052:Column 'r_id' in field list is ambiguous
 [ SQL语句 ] : select u.u_id,u_name,u_password,group_concat(r_name) as aname,group_concat(r_id) as ca
			  	  from nc_user as u 
				  left join nc_user_role as ur on r.r_id = u.r_id
				  left join nc_role as r on r.a_id = ur.a_id 
				  group by u.r_id

[ 2019-10-28T21:40:32+08:00 ] 127.0.0.1 /ManagerSystem/index.php/Admin/User/showlist
ERR: 1052:Column 'r_id' in field list is ambiguous
 [ SQL语句 ] : select u.u_id,u_name,u_password,group_concat(r_name) as aname,group_concat(r_id) as ca
			  	  from nc_user as u 
				  left join nc_user_role as ur on r.r_id = u.r_id
				  left join nc_role as r on r.a_id = ur.a_id 
				  group by u.r_id

[ 2019-10-28T21:40:32+08:00 ] 127.0.0.1 /ManagerSystem/index.php/Admin/User/showlist
ERR: 1052:Column 'r_id' in field list is ambiguous
 [ SQL语句 ] : select u.u_id,u_name,u_password,group_concat(r_name) as aname,group_concat(r_id) as ca
			  	  from nc_user as u 
				  left join nc_user_role as ur on r.r_id = u.r_id
				  left join nc_role as r on r.a_id = ur.a_id 
				  group by u.r_id

[ 2019-10-28T21:41:28+08:00 ] 127.0.0.1 /ManagerSystem/index.php/Admin/User/showlist
ERR: 1054:Unknown column 'r.r_id' in 'on clause'
 [ SQL语句 ] : select u.u_id,u_name,u_password,group_concat(r_name) as aname,group_concat(ur.r_id) as ca
			  	  from nc_user as u 
				  left join nc_user_role as ur on r.r_id = u.r_id
				  left join nc_role as r on r.a_id = ur.a_id 
				  group by u.r_id

[ 2019-10-28T21:42:18+08:00 ] 127.0.0.1 /ManagerSystem/index.php/Admin/User/showlist
ERR: 1054:Unknown column 'r.r_id' in 'on clause'
 [ SQL语句 ] : select u.u_id,u_name,u_password,group_concat(r_name),group_concat(ur.r_id) as ca
			  	  from nc_user as u 
				  left join nc_user_role as ur on r.r_id = u.r_id
				  left join nc_role as r on r.a_id = ur.a_id 
				  group by u.r_id

[ 2019-10-28T21:43:14+08:00 ] 127.0.0.1 /ManagerSystem/index.php/Admin/User/showlist
ERR: 1054:Unknown column 'u.r_id' in 'on clause'
 [ SQL语句 ] : select u.u_id,u_name,u_password,group_concat(r_name) as aname,group_concat(ur.r_id) as ca
			  	  from nc_user as u 
				  left join nc_user_role as ur on u.r_id = ur.r_id
				  left join nc_role as r on r.a_id = ur.a_id 
				  group by u.r_id

[ 2019-10-28T21:47:58+08:00 ] 127.0.0.1 /ManagerSystem/index.php/Admin/Role/showlist
ERR: 1052:Column 'r_id' in field list is ambiguous
 [ SQL语句 ] : select r.r_id,r.r_name,group_concat(r_name) as rname,group_concat(r_id) as rid
			  	  from nc_role as r 
				  left join nc_role_auth as ra on r.r_id = ra.r_id
				  left join nc_auth as a on a.a_id = ra.a_id 
				  group by r.r_id

[ 2019-10-28T21:48:04+08:00 ] 127.0.0.1 /ManagerSystem/index.php/Admin/Role/showlist
ERR: 1052:Column 'r_id' in field list is ambiguous
 [ SQL语句 ] : select r.r_id,r.r_name,group_concat(r_name) as rname,group_concat(r_id) as rid
			  	  from nc_role as r 
				  left join nc_role_auth as ra on r.r_id = ra.r_id
				  left join nc_auth as a on a.a_id = ra.a_id 
				  group by r.r_id

[ 2019-10-28T21:51:52+08:00 ] 127.0.0.1 /ManagerSystem/index.php/Admin/Index/right.html
INFO: [ view_parse ] --START--
INFO: [ template_filter ] --START--
INFO: Run Behavior\ContentReplaceBehavior [ RunTime:0.000082s ]
INFO: [ template_filter ] --END-- [ RunTime:0.000218s ]
INFO: Run Behavior\ParseTemplateBehavior [ RunTime:0.014755s ]
INFO: [ view_parse ] --END-- [ RunTime:0.015414s ]
INFO: [ view_filter ] --START--
INFO: Run Behavior\WriteHtmlCacheBehavior [ RunTime:0.001380s ]
INFO: [ view_filter ] --END-- [ RunTime:0.001485s ]
INFO: [ app_end ] --START--
INFO: Run Behavior\ShowPageTraceBehavior [ RunTime:0.001571s ]
INFO: [ app_end ] --END-- [ RunTime:0.001765s ]

[ 2019-10-28T21:51:52+08:00 ] 127.0.0.1 /ManagerSystem/index.php/Admin/Index/top.html
INFO: [ view_parse ] --START--
INFO: [ template_filter ] --START--
INFO: Run Behavior\ContentReplaceBehavior [ RunTime:0.000291s ]
INFO: [ template_filter ] --END-- [ RunTime:0.000522s ]
INFO: Run Behavior\ParseTemplateBehavior [ RunTime:0.020878s ]
INFO: [ view_parse ] --END-- [ RunTime:0.022358s ]
INFO: [ view_filter ] --START--
INFO: Run Behavior\WriteHtmlCacheBehavior [ RunTime:0.003763s ]
INFO: [ view_filter ] --END-- [ RunTime:0.004047s ]
INFO: [ app_end ] --START--
INFO: Run Behavior\ShowPageTraceBehavior [ RunTime:0.003995s ]
INFO: [ app_end ] --END-- [ RunTime:0.004246s ]

[ 2019-10-28T22:02:04+08:00 ] 127.0.0.1 /ManagerSystem/index.php/Admin/Index/right.html
INFO: [ view_parse ] --START--
INFO: [ template_filter ] --START--
INFO: Run Behavior\ContentReplaceBehavior [ RunTime:0.000143s ]
INFO: [ template_filter ] --END-- [ RunTime:0.000414s ]
INFO: Run Behavior\ParseTemplateBehavior [ RunTime:0.023777s ]
INFO: [ view_parse ] --END-- [ RunTime:0.025160s ]
INFO: [ view_filter ] --START--
INFO: Run Behavior\WriteHtmlCacheBehavior [ RunTime:0.002453s ]
INFO: [ view_filter ] --END-- [ RunTime:0.002664s ]
INFO: [ app_end ] --START--
INFO: Run Behavior\ShowPageTraceBehavior [ RunTime:0.002921s ]
INFO: [ app_end ] --END-- [ RunTime:0.003158s ]

[ 2019-10-28T22:02:04+08:00 ] 127.0.0.1 /ManagerSystem/index.php/Admin/Index/top.html
INFO: [ view_parse ] --START--
INFO: [ template_filter ] --START--
INFO: Run Behavior\ContentReplaceBehavior [ RunTime:0.000454s ]
INFO: [ template_filter ] --END-- [ RunTime:0.000729s ]
INFO: Run Behavior\ParseTemplateBehavior [ RunTime:0.026194s ]
INFO: [ view_parse ] --END-- [ RunTime:0.027459s ]
INFO: [ view_filter ] --START--
INFO: Run Behavior\WriteHtmlCacheBehavior [ RunTime:0.003714s ]
INFO: [ view_filter ] --END-- [ RunTime:0.005648s ]
INFO: [ app_end ] --START--
INFO: Run Behavior\ShowPageTraceBehavior [ RunTime:0.003117s ]
INFO: [ app_end ] --END-- [ RunTime:0.003747s ]

[ 2019-10-28T22:14:57+08:00 ] 127.0.0.1 /ManagerSystem/index.php/Admin/User/change/u_id/5.html
ERR: 1064:You have an error in your SQL syntax; check the manual that corresponds to your MySQL server version for the right syntax to use near 'where u_id = 5' at line 1
 [ SQL语句 ] : update nc_user_role set u_id = 5,r_id = 1 where where u_id = 5

[ 2019-10-28T22:15:32+08:00 ] 127.0.0.1 /ManagerSystem/index.php/Admin/User/change/u_id/5.html
ERR: 1064:You have an error in your SQL syntax; check the manual that corresponds to your MySQL server version for the right syntax to use near 'where id = 5' at line 1
 [ SQL语句 ] : update nc_user_role set u_id = 5,r_id = 2 where where id = 5

[ 2019-10-28T22:39:50+08:00 ] 127.0.0.1 /ManagerSystem/index.php/Admin/Index/top.html
INFO: [ view_parse ] --START--
INFO: [ template_filter ] --START--
INFO: Run Behavior\ContentReplaceBehavior [ RunTime:0.000357s ]
INFO: [ template_filter ] --END-- [ RunTime:0.000795s ]
INFO: Run Behavior\ParseTemplateBehavior [ RunTime:0.024847s ]
INFO: [ view_parse ] --END-- [ RunTime:0.025827s ]
INFO: [ view_filter ] --START--
INFO: Run Behavior\WriteHtmlCacheBehavior [ RunTime:0.002135s ]
INFO: [ view_filter ] --END-- [ RunTime:0.002326s ]
INFO: [ app_end ] --START--
INFO: Run Behavior\ShowPageTraceBehavior [ RunTime:0.002187s ]
INFO: [ app_end ] --END-- [ RunTime:0.002379s ]

[ 2019-10-28T22:39:50+08:00 ] 127.0.0.1 /ManagerSystem/index.php/Admin/Index/right.html
INFO: [ view_parse ] --START--
INFO: [ template_filter ] --START--
INFO: Run Behavior\ContentReplaceBehavior [ RunTime:0.000093s ]
INFO: [ template_filter ] --END-- [ RunTime:0.000235s ]
INFO: Run Behavior\ParseTemplateBehavior [ RunTime:0.025462s ]
INFO: [ view_parse ] --END-- [ RunTime:0.026714s ]
INFO: [ view_filter ] --START--
INFO: Run Behavior\WriteHtmlCacheBehavior [ RunTime:0.003008s ]
INFO: [ view_filter ] --END-- [ RunTime:0.003286s ]
INFO: [ app_end ] --START--
INFO: Run Behavior\ShowPageTraceBehavior [ RunTime:0.002318s ]
INFO: [ app_end ] --END-- [ RunTime:0.002556s ]

[ 2019-10-28T22:47:56+08:00 ] 127.0.0.1 /ManagerSystem/index.php/Admin/Index/top.html
INFO: [ view_parse ] --START--
INFO: [ template_filter ] --START--
INFO: Run Behavior\ContentReplaceBehavior [ RunTime:0.000127s ]
INFO: [ template_filter ] --END-- [ RunTime:0.000354s ]
INFO: Run Behavior\ParseTemplateBehavior [ RunTime:0.019161s ]
INFO: [ view_parse ] --END-- [ RunTime:0.020339s ]
INFO: [ view_filter ] --START--
INFO: Run Behavior\WriteHtmlCacheBehavior [ RunTime:0.003062s ]
INFO: [ view_filter ] --END-- [ RunTime:0.003438s ]
INFO: [ app_end ] --START--
INFO: Run Behavior\ShowPageTraceBehavior [ RunTime:0.002370s ]
INFO: [ app_end ] --END-- [ RunTime:0.002905s ]

[ 2019-10-28T22:47:57+08:00 ] 127.0.0.1 /ManagerSystem/index.php/Admin/Index/right.html
INFO: [ view_parse ] --START--
INFO: [ template_filter ] --START--
INFO: Run Behavior\ContentReplaceBehavior [ RunTime:0.000096s ]
INFO: [ template_filter ] --END-- [ RunTime:0.000445s ]
INFO: Run Behavior\ParseTemplateBehavior [ RunTime:0.025467s ]
INFO: [ view_parse ] --END-- [ RunTime:0.026968s ]
INFO: [ view_filter ] --START--
INFO: Run Behavior\WriteHtmlCacheBehavior [ RunTime:0.006912s ]
INFO: [ view_filter ] --END-- [ RunTime:0.007129s ]
INFO: [ app_end ] --START--
INFO: Run Behavior\ShowPageTraceBehavior [ RunTime:0.003617s ]
INFO: [ app_end ] --END-- [ RunTime:0.004150s ]

[ 2019-10-28T23:01:33+08:00 ] 127.0.0.1 /ManagerSystem/index.php/Admin/User/change/u_id/5.html
ERR: 1064:You have an error in your SQL syntax; check the manual that corresponds to your MySQL server version for the right syntax to use near '))' at line 1
 [ SQL语句 ] : insert into nc_user_role(uid,rid) values (5,))

[ 2019-10-28T23:05:14+08:00 ] 127.0.0.1 /ManagerSystem/index.php/Admin/User/change/u_id/5.html
ERR: 1064:You have an error in your SQL syntax; check the manual that corresponds to your MySQL server version for the right syntax to use near ')' at line 1
 [ SQL语句 ] : insert into nc_user_role(uid,rid) values (5,3))

[ 2019-10-28T23:05:46+08:00 ] 127.0.0.1 /ManagerSystem/index.php/Admin/User/change/u_id/5.html
ERR: 1064:You have an error in your SQL syntax; check the manual that corresponds to your MySQL server version for the right syntax to use near ')' at line 1
 [ SQL语句 ] : insert into nc_user_role(u_id,r_id) values (5,2))

[ 2019-10-28T23:15:27+08:00 ] 127.0.0.1 /ManagerSystem/index.php/Admin/User/change/u_id/2.html
ERR: 1054:Unknown column 'Array' in 'field list'
 [ SQL语句 ] : update nc_user_role set r_id = Array where id = 2

[ 2019-10-28T23:35:25+08:00 ] 127.0.0.1 /ManagerSystem/index.php/Admin/Index/index.html
ERR: 1054:Unknown column 'a.a_ac' in 'field list'
 [ SQL语句 ] : SELECT a.a_ac FROM nc_user_role ur INNER JOIN nc_role as r on ur.u_id = r.u_id INNER JOIN nc_role_auth as ra on r.r_id = ra.r_id INNER JOIN nc_auth as s on ra.a_id = a.a_id  WHERE ur.u_id = '502' LIMIT 1  

[ 2019-10-28T23:36:38+08:00 ] 127.0.0.1 /ManagerSystem/index.php/Admin/Index/index.html
ERR: 1054:Unknown column 'a.a_ca' in 'field list'
 [ SQL语句 ] : SELECT a.a_ca FROM nc_user_role ur INNER JOIN nc_role as r on ur.u_id = r.u_id INNER JOIN nc_role_auth as ra on r.r_id = ra.r_id INNER JOIN nc_auth as s on ra.a_id = a.a_id  WHERE ur.u_id = '502' LIMIT 1  

[ 2019-10-28T23:36:41+08:00 ] 127.0.0.1 /ManagerSystem/index.php/Admin/Index/index.html
ERR: 1054:Unknown column 'a.a_ca' in 'field list'
 [ SQL语句 ] : SELECT a.a_ca FROM nc_user_role ur INNER JOIN nc_role as r on ur.u_id = r.u_id INNER JOIN nc_role_auth as ra on r.r_id = ra.r_id INNER JOIN nc_auth as s on ra.a_id = a.a_id  WHERE ur.u_id = '502' LIMIT 1  

[ 2019-10-28T23:36:41+08:00 ] 127.0.0.1 /ManagerSystem/index.php/Admin/Index/index.html
ERR: 1054:Unknown column 'a.a_ca' in 'field list'
 [ SQL语句 ] : SELECT a.a_ca FROM nc_user_role ur INNER JOIN nc_role as r on ur.u_id = r.u_id INNER JOIN nc_role_auth as ra on r.r_id = ra.r_id INNER JOIN nc_auth as s on ra.a_id = a.a_id  WHERE ur.u_id = '502' LIMIT 1  

[ 2019-10-28T23:36:41+08:00 ] 127.0.0.1 /ManagerSystem/index.php/Admin/Index/index.html
ERR: 1054:Unknown column 'a.a_ca' in 'field list'
 [ SQL语句 ] : SELECT a.a_ca FROM nc_user_role ur INNER JOIN nc_role as r on ur.u_id = r.u_id INNER JOIN nc_role_auth as ra on r.r_id = ra.r_id INNER JOIN nc_auth as s on ra.a_id = a.a_id  WHERE ur.u_id = '502' LIMIT 1  

[ 2019-10-28T23:36:42+08:00 ] 127.0.0.1 /ManagerSystem/index.php/Admin/Index/index.html
ERR: 1054:Unknown column 'a.a_ca' in 'field list'
 [ SQL语句 ] : SELECT a.a_ca FROM nc_user_role ur INNER JOIN nc_role as r on ur.u_id = r.u_id INNER JOIN nc_role_auth as ra on r.r_id = ra.r_id INNER JOIN nc_auth as s on ra.a_id = a.a_id  WHERE ur.u_id = '502' LIMIT 1  

[ 2019-10-28T23:36:43+08:00 ] 127.0.0.1 /ManagerSystem/index.php/Admin/Index/index.html
ERR: 1054:Unknown column 'a.a_ca' in 'field list'
 [ SQL语句 ] : SELECT a.a_ca FROM nc_user_role ur INNER JOIN nc_role as r on ur.u_id = r.u_id INNER JOIN nc_role_auth as ra on r.r_id = ra.r_id INNER JOIN nc_auth as s on ra.a_id = a.a_id  WHERE ur.u_id = '502' LIMIT 1  

[ 2019-10-28T23:37:04+08:00 ] 127.0.0.1 /ManagerSystem/index.php/Admin/Index/index.html
ERR: 1054:Unknown column 'r.u_id' in 'on clause'
 [ SQL语句 ] : SELECT a.a_ca FROM nc_user_role ur INNER JOIN nc_role as r on ur.u_id = r.u_id INNER JOIN nc_role_auth as ra on r.r_id = ra.r_id INNER JOIN nc_auth as a on ra.a_id = a.a_id  WHERE ur.u_id = '502' LIMIT 1  

[ 2019-10-28T23:37:51+08:00 ] 127.0.0.1 /ManagerSystem/index.php/Admin/Index/right.html
INFO: [ view_parse ] --START--
INFO: [ template_filter ] --START--
INFO: Run Behavior\ContentReplaceBehavior [ RunTime:0.000078s ]
INFO: [ template_filter ] --END-- [ RunTime:0.000194s ]
INFO: Run Behavior\ParseTemplateBehavior [ RunTime:0.011669s ]
INFO: [ view_parse ] --END-- [ RunTime:0.012496s ]
INFO: [ view_filter ] --START--
INFO: Run Behavior\WriteHtmlCacheBehavior [ RunTime:0.001421s ]
INFO: [ view_filter ] --END-- [ RunTime:0.001626s ]
INFO: [ app_end ] --START--
INFO: Run Behavior\ShowPageTraceBehavior [ RunTime:0.001971s ]
INFO: [ app_end ] --END-- [ RunTime:0.002465s ]

[ 2019-10-28T23:37:51+08:00 ] 127.0.0.1 /ManagerSystem/index.php/Admin/Index/top.html
INFO: [ view_parse ] --START--
INFO: [ template_filter ] --START--
INFO: Run Behavior\ContentReplaceBehavior [ RunTime:0.000073s ]
INFO: [ template_filter ] --END-- [ RunTime:0.000193s ]
INFO: Run Behavior\ParseTemplateBehavior [ RunTime:0.022974s ]
INFO: [ view_parse ] --END-- [ RunTime:0.024430s ]
INFO: [ view_filter ] --START--
INFO: Run Behavior\WriteHtmlCacheBehavior [ RunTime:0.001414s ]
INFO: [ view_filter ] --END-- [ RunTime:0.001570s ]
INFO: [ app_end ] --START--
INFO: Run Behavior\ShowPageTraceBehavior [ RunTime:0.001527s ]
INFO: [ app_end ] --END-- [ RunTime:0.001636s ]

[ 2019-10-28T23:37:59+08:00 ] 127.0.0.1 /ManagerSystem/index.php/Admin/Index/right.html
INFO: [ view_parse ] --START--
INFO: [ template_filter ] --START--
INFO: Run Behavior\ContentReplaceBehavior [ RunTime:0.000080s ]
INFO: [ template_filter ] --END-- [ RunTime:0.000201s ]
INFO: Run Behavior\ParseTemplateBehavior [ RunTime:0.014588s ]
INFO: [ view_parse ] --END-- [ RunTime:0.017298s ]
INFO: [ view_filter ] --START--
INFO: Run Behavior\WriteHtmlCacheBehavior [ RunTime:0.001326s ]
INFO: [ view_filter ] --END-- [ RunTime:0.001431s ]
INFO: [ app_end ] --START--
INFO: Run Behavior\ShowPageTraceBehavior [ RunTime:0.001018s ]
INFO: [ app_end ] --END-- [ RunTime:0.001136s ]

[ 2019-10-28T23:37:59+08:00 ] 127.0.0.1 /ManagerSystem/index.php/Admin/Index/top.html
INFO: [ view_parse ] --START--
INFO: [ template_filter ] --START--
INFO: Run Behavior\ContentReplaceBehavior [ RunTime:0.000282s ]
INFO: [ template_filter ] --END-- [ RunTime:0.000571s ]
INFO: Run Behavior\ParseTemplateBehavior [ RunTime:0.030945s ]
INFO: [ view_parse ] --END-- [ RunTime:0.032347s ]
INFO: [ view_filter ] --START--
INFO: Run Behavior\WriteHtmlCacheBehavior [ RunTime:0.004426s ]
INFO: [ view_filter ] --END-- [ RunTime:0.004650s ]
INFO: [ app_end ] --START--
INFO: Run Behavior\ShowPageTraceBehavior [ RunTime:0.002570s ]
INFO: [ app_end ] --END-- [ RunTime:0.002800s ]

[ 2019-10-28T23:44:39+08:00 ] 127.0.0.1 /ManagerSystem/index.php/Admin/User/showlist
ERR: 1054:Unknown column 'ur.ur_id' in 'on clause'
 [ SQL语句 ] : SELECT a.a_ca FROM nc_user u INNER JOIN nc_user_role as ur on u.u_id = ur.u_id INNER JOIN nc_role as r on ur.ur_id = r.r_id INNER JOIN nc_role_auth as ra on r.r_id = ra.r_id INNER JOIN nc_auth as a on ra.a_id = a.a_id  WHERE u.u_id = '502' LIMIT 1  

[ 2019-10-28T23:45:05+08:00 ] 127.0.0.1 /ManagerSystem/index.php/Admin/User/showlisr
ERR: 非法操作:showlisr

[ 2019-10-28T23:46:37+08:00 ] 127.0.0.1 /ManagerSystem/index.php/Admin/User/showlisr
ERR: 非法操作:showlisr

